2017-08-07 12:11:34.807  INFO 12072 --- [main] com.rainbow.start.RainbowStart           : Starting RainbowStart on fanghuabao with PID 12072 (F:\git20170716\springboot-learn\rainbow\target\classes started by fanghuabao in F:\git20170716\springboot-learn\rainbow)
2017-08-07 12:11:34.811  INFO 12072 --- [main] com.rainbow.start.RainbowStart           : No active profile set, falling back to default profiles: default
2017-08-07 12:11:34.943  INFO 12072 --- [main] ationConfigEmbeddedWebApplicationContext : Refreshing org.springframework.boot.context.embedded.AnnotationConfigEmbeddedWebApplicationContext@202b79ef: startup date [Mon Aug 07 12:11:34 CST 2017]; root of context hierarchy
2017-08-07 12:11:39.048  INFO 12072 --- [main] s.b.c.e.t.TomcatEmbeddedServletContainer : Tomcat initialized with port(s): 8080 (http)
2017-08-07 12:11:39.063  INFO 12072 --- [main] o.apache.catalina.core.StandardService   : Starting service Tomcat
2017-08-07 12:11:39.064  INFO 12072 --- [main] org.apache.catalina.core.StandardEngine  : Starting Servlet Engine: Apache Tomcat/8.0.33
2017-08-07 12:11:39.407  INFO 12072 --- [localhost-startStop-1] o.a.c.c.C.[Tomcat].[localhost].[/]       : Initializing Spring embedded WebApplicationContext
2017-08-07 12:11:39.408  INFO 12072 --- [localhost-startStop-1] o.s.web.context.ContextLoader            : Root WebApplicationContext: initialization completed in 4489 ms
2017-08-07 12:11:40.036  INFO 12072 --- [localhost-startStop-1] o.s.b.c.e.ServletRegistrationBean        : Mapping servlet: 'dispatcherServlet' to [/]
2017-08-07 12:11:40.040  INFO 12072 --- [localhost-startStop-1] o.s.b.c.embedded.FilterRegistrationBean  : Mapping filter: 'characterEncodingFilter' to: [/*]
2017-08-07 12:11:40.045  INFO 12072 --- [localhost-startStop-1] o.s.b.c.embedded.FilterRegistrationBean  : Mapping filter: 'hiddenHttpMethodFilter' to: [/*]
2017-08-07 12:11:40.046  INFO 12072 --- [localhost-startStop-1] o.s.b.c.embedded.FilterRegistrationBean  : Mapping filter: 'httpPutFormContentFilter' to: [/*]
2017-08-07 12:11:40.046  INFO 12072 --- [localhost-startStop-1] o.s.b.c.embedded.FilterRegistrationBean  : Mapping filter: 'requestContextFilter' to: [/*]
2017-08-07 12:11:40.523  INFO 12072 --- [main] s.w.s.m.m.a.RequestMappingHandlerAdapter : Looking for @ControllerAdvice: org.springframework.boot.context.embedded.AnnotationConfigEmbeddedWebApplicationContext@202b79ef: startup date [Mon Aug 07 12:11:34 CST 2017]; root of context hierarchy
2017-08-07 12:11:40.671  INFO 12072 --- [main] s.w.s.m.m.a.RequestMappingHandlerMapping : Mapped "{[/error]}" onto public org.springframework.http.ResponseEntity<java.util.Map<java.lang.String, java.lang.Object>> org.springframework.boot.autoconfigure.web.BasicErrorController.error(javax.servlet.http.HttpServletRequest)
2017-08-07 12:11:40.672  INFO 12072 --- [main] s.w.s.m.m.a.RequestMappingHandlerMapping : Mapped "{[/error],produces=[text/html]}" onto public org.springframework.web.servlet.ModelAndView org.springframework.boot.autoconfigure.web.BasicErrorController.errorHtml(javax.servlet.http.HttpServletRequest,javax.servlet.http.HttpServletResponse)
2017-08-07 12:11:40.733  INFO 12072 --- [main] o.s.w.s.handler.SimpleUrlHandlerMapping  : Mapped URL path [/webjars/**] onto handler of type [class org.springframework.web.servlet.resource.ResourceHttpRequestHandler]
2017-08-07 12:11:40.733  INFO 12072 --- [main] o.s.w.s.handler.SimpleUrlHandlerMapping  : Mapped URL path [/**] onto handler of type [class org.springframework.web.servlet.resource.ResourceHttpRequestHandler]
2017-08-07 12:11:40.828  INFO 12072 --- [main] o.s.w.s.handler.SimpleUrlHandlerMapping  : Mapped URL path [/**/favicon.ico] onto handler of type [class org.springframework.web.servlet.resource.ResourceHttpRequestHandler]
2017-08-07 12:11:40.968  INFO 12072 --- [main] o.s.j.e.a.AnnotationMBeanExporter        : Registering beans for JMX exposure on startup
2017-08-07 12:11:41.315  INFO 12072 --- [main] s.b.c.e.t.TomcatEmbeddedServletContainer : Tomcat started on port(s): 8080 (http)
2017-08-07 12:11:41.321  INFO 12072 --- [main] com.rainbow.start.RainbowStart           : Started RainbowStart in 7.525 seconds (JVM running for 8.494)
2017-08-07 12:11:41.321  INFO 12072 --- [main] com.rainbow.start.RainbowStart           : mgw启动成功,耗时：7909 ms
2017-08-07 12:11:56.298  INFO 25012 --- [main] com.rainbow.start.RainbowStart           : Starting RainbowStart on fanghuabao with PID 25012 (F:\git20170716\springboot-learn\rainbow\target\classes started by fanghuabao in F:\git20170716\springboot-learn\rainbow)
2017-08-07 12:11:56.301  INFO 25012 --- [main] com.rainbow.start.RainbowStart           : No active profile set, falling back to default profiles: default
2017-08-07 12:11:56.340  INFO 25012 --- [main] ationConfigEmbeddedWebApplicationContext : Refreshing org.springframework.boot.context.embedded.AnnotationConfigEmbeddedWebApplicationContext@47c0dee6: startup date [Mon Aug 07 12:11:56 CST 2017]; root of context hierarchy
2017-08-07 12:11:57.534  INFO 25012 --- [main] s.b.c.e.t.TomcatEmbeddedServletContainer : Tomcat initialized with port(s): 9090 (http)
2017-08-07 12:11:57.546  INFO 25012 --- [main] o.apache.catalina.core.StandardService   : Starting service Tomcat
2017-08-07 12:11:57.547  INFO 25012 --- [main] org.apache.catalina.core.StandardEngine  : Starting Servlet Engine: Apache Tomcat/8.0.33
2017-08-07 12:11:57.647  INFO 25012 --- [localhost-startStop-1] o.a.c.c.C.[Tomcat].[localhost].[/]       : Initializing Spring embedded WebApplicationContext
2017-08-07 12:11:57.647  INFO 25012 --- [localhost-startStop-1] o.s.web.context.ContextLoader            : Root WebApplicationContext: initialization completed in 1309 ms
2017-08-07 12:11:57.939  INFO 25012 --- [localhost-startStop-1] o.s.b.c.e.ServletRegistrationBean        : Mapping servlet: 'dispatcherServlet' to [/]
2017-08-07 12:11:57.948  INFO 25012 --- [localhost-startStop-1] o.s.b.c.embedded.FilterRegistrationBean  : Mapping filter: 'characterEncodingFilter' to: [/*]
2017-08-07 12:11:57.949  INFO 25012 --- [localhost-startStop-1] o.s.b.c.embedded.FilterRegistrationBean  : Mapping filter: 'hiddenHttpMethodFilter' to: [/*]
2017-08-07 12:11:57.949  INFO 25012 --- [localhost-startStop-1] o.s.b.c.embedded.FilterRegistrationBean  : Mapping filter: 'httpPutFormContentFilter' to: [/*]
2017-08-07 12:11:57.949  INFO 25012 --- [localhost-startStop-1] o.s.b.c.embedded.FilterRegistrationBean  : Mapping filter: 'requestContextFilter' to: [/*]
2017-08-07 12:11:58.112  INFO 25012 --- [main] s.w.s.m.m.a.RequestMappingHandlerAdapter : Looking for @ControllerAdvice: org.springframework.boot.context.embedded.AnnotationConfigEmbeddedWebApplicationContext@47c0dee6: startup date [Mon Aug 07 12:11:56 CST 2017]; root of context hierarchy
2017-08-07 12:11:58.168  INFO 25012 --- [main] s.w.s.m.m.a.RequestMappingHandlerMapping : Mapped "{[/error]}" onto public org.springframework.http.ResponseEntity<java.util.Map<java.lang.String, java.lang.Object>> org.springframework.boot.autoconfigure.web.BasicErrorController.error(javax.servlet.http.HttpServletRequest)
2017-08-07 12:11:58.169  INFO 25012 --- [main] s.w.s.m.m.a.RequestMappingHandlerMapping : Mapped "{[/error],produces=[text/html]}" onto public org.springframework.web.servlet.ModelAndView org.springframework.boot.autoconfigure.web.BasicErrorController.errorHtml(javax.servlet.http.HttpServletRequest,javax.servlet.http.HttpServletResponse)
2017-08-07 12:11:58.201  INFO 25012 --- [main] o.s.w.s.handler.SimpleUrlHandlerMapping  : Mapped URL path [/webjars/**] onto handler of type [class org.springframework.web.servlet.resource.ResourceHttpRequestHandler]
2017-08-07 12:11:58.201  INFO 25012 --- [main] o.s.w.s.handler.SimpleUrlHandlerMapping  : Mapped URL path [/**] onto handler of type [class org.springframework.web.servlet.resource.ResourceHttpRequestHandler]
2017-08-07 12:11:58.246  INFO 25012 --- [main] o.s.w.s.handler.SimpleUrlHandlerMapping  : Mapped URL path [/**/favicon.ico] onto handler of type [class org.springframework.web.servlet.resource.ResourceHttpRequestHandler]
2017-08-07 12:11:58.354  INFO 25012 --- [main] o.s.j.e.a.AnnotationMBeanExporter        : Registering beans for JMX exposure on startup
2017-08-07 12:11:58.414  INFO 25012 --- [main] s.b.c.e.t.TomcatEmbeddedServletContainer : Tomcat started on port(s): 9090 (http)
2017-08-07 12:11:58.418  INFO 25012 --- [main] com.rainbow.start.RainbowStart           : Started RainbowStart in 2.478 seconds (JVM running for 2.791)
2017-08-07 12:11:58.418  INFO 25012 --- [main] com.rainbow.start.RainbowStart           : mgw启动成功,耗时：2610 ms
2017-08-07 12:19:52.779  INFO 24088 --- [main] com.rainbow.start.RainbowStart           : Starting RainbowStart on fanghuabao with PID 24088 (F:\git20170716\springboot-learn\rainbow\target\classes started by fanghuabao in F:\git20170716\springboot-learn\rainbow)
2017-08-07 12:19:52.782  INFO 24088 --- [main] com.rainbow.start.RainbowStart           : No active profile set, falling back to default profiles: default
2017-08-07 12:19:52.826  INFO 24088 --- [main] ationConfigEmbeddedWebApplicationContext : Refreshing org.springframework.boot.context.embedded.AnnotationConfigEmbeddedWebApplicationContext@33ddcf6e: startup date [Mon Aug 07 12:19:52 CST 2017]; root of context hierarchy
2017-08-07 12:19:54.048  INFO 24088 --- [main] s.b.c.e.t.TomcatEmbeddedServletContainer : Tomcat initialized with port(s): 9090 (http)
2017-08-07 12:19:54.060  INFO 24088 --- [main] o.apache.catalina.core.StandardService   : Starting service Tomcat
2017-08-07 12:19:54.061  INFO 24088 --- [main] org.apache.catalina.core.StandardEngine  : Starting Servlet Engine: Apache Tomcat/8.0.33
2017-08-07 12:19:54.161  INFO 24088 --- [localhost-startStop-1] o.a.c.c.C.[Tomcat].[localhost].[/]       : Initializing Spring embedded WebApplicationContext
2017-08-07 12:19:54.161  INFO 24088 --- [localhost-startStop-1] o.s.web.context.ContextLoader            : Root WebApplicationContext: initialization completed in 1338 ms
2017-08-07 12:19:54.458  INFO 24088 --- [localhost-startStop-1] o.s.b.c.e.ServletRegistrationBean        : Mapping servlet: 'dispatcherServlet' to [/]
2017-08-07 12:19:54.461  INFO 24088 --- [localhost-startStop-1] o.s.b.c.embedded.FilterRegistrationBean  : Mapping filter: 'characterEncodingFilter' to: [/*]
2017-08-07 12:19:54.462  INFO 24088 --- [localhost-startStop-1] o.s.b.c.embedded.FilterRegistrationBean  : Mapping filter: 'hiddenHttpMethodFilter' to: [/*]
2017-08-07 12:19:54.462  INFO 24088 --- [localhost-startStop-1] o.s.b.c.embedded.FilterRegistrationBean  : Mapping filter: 'httpPutFormContentFilter' to: [/*]
2017-08-07 12:19:54.463  INFO 24088 --- [localhost-startStop-1] o.s.b.c.embedded.FilterRegistrationBean  : Mapping filter: 'requestContextFilter' to: [/*]
2017-08-07 12:19:54.615  INFO 24088 --- [main] s.w.s.m.m.a.RequestMappingHandlerAdapter : Looking for @ControllerAdvice: org.springframework.boot.context.embedded.AnnotationConfigEmbeddedWebApplicationContext@33ddcf6e: startup date [Mon Aug 07 12:19:52 CST 2017]; root of context hierarchy
2017-08-07 12:19:54.676  INFO 24088 --- [main] s.w.s.m.m.a.RequestMappingHandlerMapping : Mapped "{[/error]}" onto public org.springframework.http.ResponseEntity<java.util.Map<java.lang.String, java.lang.Object>> org.springframework.boot.autoconfigure.web.BasicErrorController.error(javax.servlet.http.HttpServletRequest)
2017-08-07 12:19:54.677  INFO 24088 --- [main] s.w.s.m.m.a.RequestMappingHandlerMapping : Mapped "{[/error],produces=[text/html]}" onto public org.springframework.web.servlet.ModelAndView org.springframework.boot.autoconfigure.web.BasicErrorController.errorHtml(javax.servlet.http.HttpServletRequest,javax.servlet.http.HttpServletResponse)
2017-08-07 12:19:54.705  INFO 24088 --- [main] o.s.w.s.handler.SimpleUrlHandlerMapping  : Mapped URL path [/webjars/**] onto handler of type [class org.springframework.web.servlet.resource.ResourceHttpRequestHandler]
2017-08-07 12:19:54.705  INFO 24088 --- [main] o.s.w.s.handler.SimpleUrlHandlerMapping  : Mapped URL path [/**] onto handler of type [class org.springframework.web.servlet.resource.ResourceHttpRequestHandler]
2017-08-07 12:19:54.748  INFO 24088 --- [main] o.s.w.s.handler.SimpleUrlHandlerMapping  : Mapped URL path [/**/favicon.ico] onto handler of type [class org.springframework.web.servlet.resource.ResourceHttpRequestHandler]
2017-08-07 12:19:54.867  INFO 24088 --- [main] o.s.j.e.a.AnnotationMBeanExporter        : Registering beans for JMX exposure on startup
2017-08-07 12:19:54.938  INFO 24088 --- [main] s.b.c.e.t.TomcatEmbeddedServletContainer : Tomcat started on port(s): 9090 (http)
2017-08-07 12:19:54.943  INFO 24088 --- [main] com.rainbow.start.RainbowStart           : Started RainbowStart in 2.476 seconds (JVM running for 2.76)
2017-08-07 12:19:54.943  INFO 24088 --- [main] com.rainbow.start.RainbowStart           : mgw启动成功,耗时：2599 ms
2017-08-07 12:20:34.251  INFO 24088 --- [http-nio-9090-exec-1] o.a.c.c.C.[Tomcat].[localhost].[/]       : Initializing Spring FrameworkServlet 'dispatcherServlet'
2017-08-07 12:20:34.252  INFO 24088 --- [http-nio-9090-exec-1] o.s.web.servlet.DispatcherServlet        : FrameworkServlet 'dispatcherServlet': initialization started
2017-08-07 12:20:34.281  INFO 24088 --- [http-nio-9090-exec-1] o.s.web.servlet.DispatcherServlet        : FrameworkServlet 'dispatcherServlet': initialization completed in 29 ms
2017-08-07 12:22:16.491  INFO 11016 --- [main] com.rainbow.start.RainbowStart           : Starting RainbowStart on fanghuabao with PID 11016 (F:\git20170716\springboot-learn\rainbow\target\classes started by fanghuabao in F:\git20170716\springboot-learn\rainbow)
2017-08-07 12:22:16.493  INFO 11016 --- [main] com.rainbow.start.RainbowStart           : No active profile set, falling back to default profiles: default
2017-08-07 12:22:16.529  INFO 11016 --- [main] ationConfigEmbeddedWebApplicationContext : Refreshing org.springframework.boot.context.embedded.AnnotationConfigEmbeddedWebApplicationContext@1e8de47d: startup date [Mon Aug 07 12:22:16 CST 2017]; root of context hierarchy
2017-08-07 12:22:17.633  INFO 11016 --- [main] s.b.c.e.t.TomcatEmbeddedServletContainer : Tomcat initialized with port(s): 9090 (http)
2017-08-07 12:22:17.644  INFO 11016 --- [main] o.apache.catalina.core.StandardService   : Starting service Tomcat
2017-08-07 12:22:17.645  INFO 11016 --- [main] org.apache.catalina.core.StandardEngine  : Starting Servlet Engine: Apache Tomcat/8.0.33
2017-08-07 12:22:17.760  INFO 11016 --- [localhost-startStop-1] o.a.c.c.C.[Tomcat].[localhost].[/]       : Initializing Spring embedded WebApplicationContext
2017-08-07 12:22:17.760  INFO 11016 --- [localhost-startStop-1] o.s.web.context.ContextLoader            : Root WebApplicationContext: initialization completed in 1233 ms
2017-08-07 12:22:18.025  INFO 11016 --- [localhost-startStop-1] o.s.b.c.e.ServletRegistrationBean        : Mapping servlet: 'dispatcherServlet' to [/]
2017-08-07 12:22:18.029  INFO 11016 --- [localhost-startStop-1] o.s.b.c.embedded.FilterRegistrationBean  : Mapping filter: 'characterEncodingFilter' to: [/*]
2017-08-07 12:22:18.030  INFO 11016 --- [localhost-startStop-1] o.s.b.c.embedded.FilterRegistrationBean  : Mapping filter: 'hiddenHttpMethodFilter' to: [/*]
2017-08-07 12:22:18.030  INFO 11016 --- [localhost-startStop-1] o.s.b.c.embedded.FilterRegistrationBean  : Mapping filter: 'httpPutFormContentFilter' to: [/*]
2017-08-07 12:22:18.030  INFO 11016 --- [localhost-startStop-1] o.s.b.c.embedded.FilterRegistrationBean  : Mapping filter: 'requestContextFilter' to: [/*]
2017-08-07 12:22:18.191  INFO 11016 --- [main] s.w.s.m.m.a.RequestMappingHandlerAdapter : Looking for @ControllerAdvice: org.springframework.boot.context.embedded.AnnotationConfigEmbeddedWebApplicationContext@1e8de47d: startup date [Mon Aug 07 12:22:16 CST 2017]; root of context hierarchy
2017-08-07 12:22:18.242  INFO 11016 --- [main] s.w.s.m.m.a.RequestMappingHandlerMapping : Mapped "{[/error]}" onto public org.springframework.http.ResponseEntity<java.util.Map<java.lang.String, java.lang.Object>> org.springframework.boot.autoconfigure.web.BasicErrorController.error(javax.servlet.http.HttpServletRequest)
2017-08-07 12:22:18.243  INFO 11016 --- [main] s.w.s.m.m.a.RequestMappingHandlerMapping : Mapped "{[/error],produces=[text/html]}" onto public org.springframework.web.servlet.ModelAndView org.springframework.boot.autoconfigure.web.BasicErrorController.errorHtml(javax.servlet.http.HttpServletRequest,javax.servlet.http.HttpServletResponse)
2017-08-07 12:22:18.273  INFO 11016 --- [main] o.s.w.s.handler.SimpleUrlHandlerMapping  : Mapped URL path [/webjars/**] onto handler of type [class org.springframework.web.servlet.resource.ResourceHttpRequestHandler]
2017-08-07 12:22:18.274  INFO 11016 --- [main] o.s.w.s.handler.SimpleUrlHandlerMapping  : Mapped URL path [/**] onto handler of type [class org.springframework.web.servlet.resource.ResourceHttpRequestHandler]
2017-08-07 12:22:18.316  INFO 11016 --- [main] o.s.w.s.handler.SimpleUrlHandlerMapping  : Mapped URL path [/**/favicon.ico] onto handler of type [class org.springframework.web.servlet.resource.ResourceHttpRequestHandler]
2017-08-07 12:22:18.435  INFO 11016 --- [main] o.s.j.e.a.AnnotationMBeanExporter        : Registering beans for JMX exposure on startup
2017-08-07 12:22:18.508  INFO 11016 --- [main] s.b.c.e.t.TomcatEmbeddedServletContainer : Tomcat started on port(s): 9090 (http)
2017-08-07 12:22:18.511  INFO 11016 --- [main] com.rainbow.start.RainbowStart           : Started RainbowStart in 2.379 seconds (JVM running for 2.679)
2017-08-07 12:22:18.512  INFO 11016 --- [main] com.rainbow.start.RainbowStart           : mgw启动成功,耗时：2514 ms
2017-08-07 12:22:24.869  INFO 11016 --- [http-nio-9090-exec-1] o.a.c.c.C.[Tomcat].[localhost].[/]       : Initializing Spring FrameworkServlet 'dispatcherServlet'
2017-08-07 12:22:24.870  INFO 11016 --- [http-nio-9090-exec-1] o.s.web.servlet.DispatcherServlet        : FrameworkServlet 'dispatcherServlet': initialization started
2017-08-07 12:22:24.887  INFO 11016 --- [http-nio-9090-exec-1] o.s.web.servlet.DispatcherServlet        : FrameworkServlet 'dispatcherServlet': initialization completed in 17 ms
2017-08-07 12:24:22.315  INFO 21428 --- [main] com.rainbow.start.RainbowStart           : Starting RainbowStart on fanghuabao with PID 21428 (F:\git20170716\springboot-learn\rainbow\target\classes started by fanghuabao in F:\git20170716\springboot-learn\rainbow)
2017-08-07 12:24:22.318  INFO 21428 --- [main] com.rainbow.start.RainbowStart           : No active profile set, falling back to default profiles: default
2017-08-07 12:24:22.356  INFO 21428 --- [main] ationConfigEmbeddedWebApplicationContext : Refreshing org.springframework.boot.context.embedded.AnnotationConfigEmbeddedWebApplicationContext@3ddb4b88: startup date [Mon Aug 07 12:24:22 CST 2017]; root of context hierarchy
2017-08-07 12:24:23.573  INFO 21428 --- [main] s.b.c.e.t.TomcatEmbeddedServletContainer : Tomcat initialized with port(s): 9090 (http)
2017-08-07 12:24:23.584  INFO 21428 --- [main] o.apache.catalina.core.StandardService   : Starting service Tomcat
2017-08-07 12:24:23.585  INFO 21428 --- [main] org.apache.catalina.core.StandardEngine  : Starting Servlet Engine: Apache Tomcat/8.0.33
2017-08-07 12:24:23.677  INFO 21428 --- [localhost-startStop-1] o.a.c.c.C.[Tomcat].[localhost].[/]       : Initializing Spring embedded WebApplicationContext
2017-08-07 12:24:23.678  INFO 21428 --- [localhost-startStop-1] o.s.web.context.ContextLoader            : Root WebApplicationContext: initialization completed in 1325 ms
2017-08-07 12:24:23.980  INFO 21428 --- [localhost-startStop-1] o.s.b.c.e.ServletRegistrationBean        : Mapping servlet: 'dispatcherServlet' to [/]
2017-08-07 12:24:23.986  INFO 21428 --- [localhost-startStop-1] o.s.b.c.embedded.FilterRegistrationBean  : Mapping filter: 'characterEncodingFilter' to: [/*]
2017-08-07 12:24:23.987  INFO 21428 --- [localhost-startStop-1] o.s.b.c.embedded.FilterRegistrationBean  : Mapping filter: 'hiddenHttpMethodFilter' to: [/*]
2017-08-07 12:24:23.987  INFO 21428 --- [localhost-startStop-1] o.s.b.c.embedded.FilterRegistrationBean  : Mapping filter: 'httpPutFormContentFilter' to: [/*]
2017-08-07 12:24:23.988  INFO 21428 --- [localhost-startStop-1] o.s.b.c.embedded.FilterRegistrationBean  : Mapping filter: 'requestContextFilter' to: [/*]
2017-08-07 12:24:24.178  INFO 21428 --- [main] s.w.s.m.m.a.RequestMappingHandlerAdapter : Looking for @ControllerAdvice: org.springframework.boot.context.embedded.AnnotationConfigEmbeddedWebApplicationContext@3ddb4b88: startup date [Mon Aug 07 12:24:22 CST 2017]; root of context hierarchy
2017-08-07 12:24:24.239  INFO 21428 --- [main] s.w.s.m.m.a.RequestMappingHandlerMapping : Mapped "{[/rainbow/heartBeat]}" onto public java.util.Map com.rainbow.controller.RainbowController.heartBeat()
2017-08-07 12:24:24.242  INFO 21428 --- [main] s.w.s.m.m.a.RequestMappingHandlerMapping : Mapped "{[/error]}" onto public org.springframework.http.ResponseEntity<java.util.Map<java.lang.String, java.lang.Object>> org.springframework.boot.autoconfigure.web.BasicErrorController.error(javax.servlet.http.HttpServletRequest)
2017-08-07 12:24:24.243  INFO 21428 --- [main] s.w.s.m.m.a.RequestMappingHandlerMapping : Mapped "{[/error],produces=[text/html]}" onto public org.springframework.web.servlet.ModelAndView org.springframework.boot.autoconfigure.web.BasicErrorController.errorHtml(javax.servlet.http.HttpServletRequest,javax.servlet.http.HttpServletResponse)
2017-08-07 12:24:24.267  INFO 21428 --- [main] o.s.w.s.handler.SimpleUrlHandlerMapping  : Mapped URL path [/webjars/**] onto handler of type [class org.springframework.web.servlet.resource.ResourceHttpRequestHandler]
2017-08-07 12:24:24.267  INFO 21428 --- [main] o.s.w.s.handler.SimpleUrlHandlerMapping  : Mapped URL path [/**] onto handler of type [class org.springframework.web.servlet.resource.ResourceHttpRequestHandler]
2017-08-07 12:24:24.305  INFO 21428 --- [main] o.s.w.s.handler.SimpleUrlHandlerMapping  : Mapped URL path [/**/favicon.ico] onto handler of type [class org.springframework.web.servlet.resource.ResourceHttpRequestHandler]
2017-08-07 12:24:24.403  INFO 21428 --- [main] o.s.j.e.a.AnnotationMBeanExporter        : Registering beans for JMX exposure on startup
2017-08-07 12:24:24.475  INFO 21428 --- [main] s.b.c.e.t.TomcatEmbeddedServletContainer : Tomcat started on port(s): 9090 (http)
2017-08-07 12:24:24.479  INFO 21428 --- [main] com.rainbow.start.RainbowStart           : Started RainbowStart in 2.517 seconds (JVM running for 2.85)
2017-08-07 12:24:24.480  INFO 21428 --- [main] com.rainbow.start.RainbowStart           : mgw启动成功,耗时：2675 ms
2017-08-07 12:24:29.298  INFO 21428 --- [http-nio-9090-exec-1] o.a.c.c.C.[Tomcat].[localhost].[/]       : Initializing Spring FrameworkServlet 'dispatcherServlet'
2017-08-07 12:24:29.298  INFO 21428 --- [http-nio-9090-exec-1] o.s.web.servlet.DispatcherServlet        : FrameworkServlet 'dispatcherServlet': initialization started
2017-08-07 12:24:29.312  INFO 21428 --- [http-nio-9090-exec-1] o.s.web.servlet.DispatcherServlet        : FrameworkServlet 'dispatcherServlet': initialization completed in 14 ms
2017-08-07 12:24:55.276  INFO 6684 --- [main] com.rainbow.start.RainbowStart           : Starting RainbowStart on fanghuabao with PID 6684 (F:\git20170716\springboot-learn\rainbow\target\classes started by fanghuabao in F:\git20170716\springboot-learn\rainbow)
2017-08-07 12:24:55.281  INFO 6684 --- [main] com.rainbow.start.RainbowStart           : No active profile set, falling back to default profiles: default
2017-08-07 12:24:55.333  INFO 6684 --- [main] ationConfigEmbeddedWebApplicationContext : Refreshing org.springframework.boot.context.embedded.AnnotationConfigEmbeddedWebApplicationContext@41a3256e: startup date [Mon Aug 07 12:24:55 CST 2017]; root of context hierarchy
2017-08-07 12:24:56.507  INFO 6684 --- [main] s.b.c.e.t.TomcatEmbeddedServletContainer : Tomcat initialized with port(s): 9090 (http)
2017-08-07 12:24:56.517  INFO 6684 --- [main] o.apache.catalina.core.StandardService   : Starting service Tomcat
2017-08-07 12:24:56.518  INFO 6684 --- [main] org.apache.catalina.core.StandardEngine  : Starting Servlet Engine: Apache Tomcat/8.0.33
2017-08-07 12:24:56.608  INFO 6684 --- [localhost-startStop-1] o.a.c.c.C.[Tomcat].[localhost].[/]       : Initializing Spring embedded WebApplicationContext
2017-08-07 12:24:56.609  INFO 6684 --- [localhost-startStop-1] o.s.web.context.ContextLoader            : Root WebApplicationContext: initialization completed in 1279 ms
2017-08-07 12:24:56.876  INFO 6684 --- [localhost-startStop-1] o.s.b.c.e.ServletRegistrationBean        : Mapping servlet: 'dispatcherServlet' to [/]
2017-08-07 12:24:56.880  INFO 6684 --- [localhost-startStop-1] o.s.b.c.embedded.FilterRegistrationBean  : Mapping filter: 'characterEncodingFilter' to: [/*]
2017-08-07 12:24:56.880  INFO 6684 --- [localhost-startStop-1] o.s.b.c.embedded.FilterRegistrationBean  : Mapping filter: 'hiddenHttpMethodFilter' to: [/*]
2017-08-07 12:24:56.880  INFO 6684 --- [localhost-startStop-1] o.s.b.c.embedded.FilterRegistrationBean  : Mapping filter: 'httpPutFormContentFilter' to: [/*]
2017-08-07 12:24:56.881  INFO 6684 --- [localhost-startStop-1] o.s.b.c.embedded.FilterRegistrationBean  : Mapping filter: 'requestContextFilter' to: [/*]
2017-08-07 12:24:57.054  INFO 6684 --- [main] s.w.s.m.m.a.RequestMappingHandlerAdapter : Looking for @ControllerAdvice: org.springframework.boot.context.embedded.AnnotationConfigEmbeddedWebApplicationContext@41a3256e: startup date [Mon Aug 07 12:24:55 CST 2017]; root of context hierarchy
2017-08-07 12:24:57.114  INFO 6684 --- [main] s.w.s.m.m.a.RequestMappingHandlerMapping : Mapped "{[/rainbow/heartBeat]}" onto public java.lang.String com.rainbow.controller.RainbowController.heartBeat()
2017-08-07 12:24:57.117  INFO 6684 --- [main] s.w.s.m.m.a.RequestMappingHandlerMapping : Mapped "{[/error]}" onto public org.springframework.http.ResponseEntity<java.util.Map<java.lang.String, java.lang.Object>> org.springframework.boot.autoconfigure.web.BasicErrorController.error(javax.servlet.http.HttpServletRequest)
2017-08-07 12:24:57.117  INFO 6684 --- [main] s.w.s.m.m.a.RequestMappingHandlerMapping : Mapped "{[/error],produces=[text/html]}" onto public org.springframework.web.servlet.ModelAndView org.springframework.boot.autoconfigure.web.BasicErrorController.errorHtml(javax.servlet.http.HttpServletRequest,javax.servlet.http.HttpServletResponse)
2017-08-07 12:24:57.151  INFO 6684 --- [main] o.s.w.s.handler.SimpleUrlHandlerMapping  : Mapped URL path [/webjars/**] onto handler of type [class org.springframework.web.servlet.resource.ResourceHttpRequestHandler]
2017-08-07 12:24:57.151  INFO 6684 --- [main] o.s.w.s.handler.SimpleUrlHandlerMapping  : Mapped URL path [/**] onto handler of type [class org.springframework.web.servlet.resource.ResourceHttpRequestHandler]
2017-08-07 12:24:57.201  INFO 6684 --- [main] o.s.w.s.handler.SimpleUrlHandlerMapping  : Mapped URL path [/**/favicon.ico] onto handler of type [class org.springframework.web.servlet.resource.ResourceHttpRequestHandler]
2017-08-07 12:24:57.351  INFO 6684 --- [main] o.s.j.e.a.AnnotationMBeanExporter        : Registering beans for JMX exposure on startup
2017-08-07 12:24:57.433  INFO 6684 --- [main] s.b.c.e.t.TomcatEmbeddedServletContainer : Tomcat started on port(s): 9090 (http)
2017-08-07 12:24:57.438  INFO 6684 --- [main] com.rainbow.start.RainbowStart           : Started RainbowStart in 2.519 seconds (JVM running for 2.849)
2017-08-07 12:24:57.438  INFO 6684 --- [main] com.rainbow.start.RainbowStart           : mgw启动成功,耗时：2681 ms
2017-08-07 12:25:00.215  INFO 6684 --- [http-nio-9090-exec-1] o.a.c.c.C.[Tomcat].[localhost].[/]       : Initializing Spring FrameworkServlet 'dispatcherServlet'
2017-08-07 12:25:00.215  INFO 6684 --- [http-nio-9090-exec-1] o.s.web.servlet.DispatcherServlet        : FrameworkServlet 'dispatcherServlet': initialization started
2017-08-07 12:25:00.230  INFO 6684 --- [http-nio-9090-exec-1] o.s.web.servlet.DispatcherServlet        : FrameworkServlet 'dispatcherServlet': initialization completed in 14 ms
2017-08-07 12:44:33.458  INFO 9620 --- [main] com.rainbow.start.RainbowStart           : Starting RainbowStart on fanghuabao with PID 9620 (F:\git20170716\springboot-learn\rainbow\target\classes started by fanghuabao in F:\git20170716\springboot-learn\rainbow)
2017-08-07 12:44:33.461  INFO 9620 --- [main] com.rainbow.start.RainbowStart           : No active profile set, falling back to default profiles: default
2017-08-07 12:44:33.501  INFO 9620 --- [main] ationConfigEmbeddedWebApplicationContext : Refreshing org.springframework.boot.context.embedded.AnnotationConfigEmbeddedWebApplicationContext@1661db97: startup date [Mon Aug 07 12:44:33 CST 2017]; root of context hierarchy
2017-08-07 12:44:34.691  INFO 9620 --- [main] s.b.c.e.t.TomcatEmbeddedServletContainer : Tomcat initialized with port(s): 9090 (http)
2017-08-07 12:44:34.705  INFO 9620 --- [main] o.apache.catalina.core.StandardService   : Starting service Tomcat
2017-08-07 12:44:34.706  INFO 9620 --- [main] org.apache.catalina.core.StandardEngine  : Starting Servlet Engine: Apache Tomcat/8.0.33
2017-08-07 12:44:34.792  INFO 9620 --- [localhost-startStop-1] o.a.c.c.C.[Tomcat].[localhost].[/]       : Initializing Spring embedded WebApplicationContext
2017-08-07 12:44:34.793  INFO 9620 --- [localhost-startStop-1] o.s.web.context.ContextLoader            : Root WebApplicationContext: initialization completed in 1295 ms
2017-08-07 12:44:35.072  INFO 9620 --- [localhost-startStop-1] o.s.b.c.e.ServletRegistrationBean        : Mapping servlet: 'dispatcherServlet' to [/]
2017-08-07 12:44:35.076  INFO 9620 --- [localhost-startStop-1] o.s.b.c.embedded.FilterRegistrationBean  : Mapping filter: 'characterEncodingFilter' to: [/*]
2017-08-07 12:44:35.077  INFO 9620 --- [localhost-startStop-1] o.s.b.c.embedded.FilterRegistrationBean  : Mapping filter: 'hiddenHttpMethodFilter' to: [/*]
2017-08-07 12:44:35.077  INFO 9620 --- [localhost-startStop-1] o.s.b.c.embedded.FilterRegistrationBean  : Mapping filter: 'httpPutFormContentFilter' to: [/*]
2017-08-07 12:44:35.077  INFO 9620 --- [localhost-startStop-1] o.s.b.c.embedded.FilterRegistrationBean  : Mapping filter: 'requestContextFilter' to: [/*]
2017-08-07 12:44:35.303  INFO 9620 --- [main] s.w.s.m.m.a.RequestMappingHandlerAdapter : Looking for @ControllerAdvice: org.springframework.boot.context.embedded.AnnotationConfigEmbeddedWebApplicationContext@1661db97: startup date [Mon Aug 07 12:44:33 CST 2017]; root of context hierarchy
2017-08-07 12:44:35.394  INFO 9620 --- [main] s.w.s.m.m.a.RequestMappingHandlerMapping : Mapped "{[/rainbow/machineInfo]}" onto public com.rainbow.entity.MachineInfo com.rainbow.controller.RainbowController.machineInfo()
2017-08-07 12:44:35.396  INFO 9620 --- [main] s.w.s.m.m.a.RequestMappingHandlerMapping : Mapped "{[/rainbow/heartBeat]}" onto public java.lang.String com.rainbow.controller.RainbowController.heartBeat()
2017-08-07 12:44:35.399  INFO 9620 --- [main] s.w.s.m.m.a.RequestMappingHandlerMapping : Mapped "{[/error]}" onto public org.springframework.http.ResponseEntity<java.util.Map<java.lang.String, java.lang.Object>> org.springframework.boot.autoconfigure.web.BasicErrorController.error(javax.servlet.http.HttpServletRequest)
2017-08-07 12:44:35.400  INFO 9620 --- [main] s.w.s.m.m.a.RequestMappingHandlerMapping : Mapped "{[/error],produces=[text/html]}" onto public org.springframework.web.servlet.ModelAndView org.springframework.boot.autoconfigure.web.BasicErrorController.errorHtml(javax.servlet.http.HttpServletRequest,javax.servlet.http.HttpServletResponse)
2017-08-07 12:44:35.421  INFO 9620 --- [main] o.s.w.s.handler.SimpleUrlHandlerMapping  : Mapped URL path [/webjars/**] onto handler of type [class org.springframework.web.servlet.resource.ResourceHttpRequestHandler]
2017-08-07 12:44:35.422  INFO 9620 --- [main] o.s.w.s.handler.SimpleUrlHandlerMapping  : Mapped URL path [/**] onto handler of type [class org.springframework.web.servlet.resource.ResourceHttpRequestHandler]
2017-08-07 12:44:35.459  INFO 9620 --- [main] o.s.w.s.handler.SimpleUrlHandlerMapping  : Mapped URL path [/**/favicon.ico] onto handler of type [class org.springframework.web.servlet.resource.ResourceHttpRequestHandler]
2017-08-07 12:44:35.559  INFO 9620 --- [main] o.s.j.e.a.AnnotationMBeanExporter        : Registering beans for JMX exposure on startup
2017-08-07 12:44:35.660  INFO 9620 --- [main] s.b.c.e.t.TomcatEmbeddedServletContainer : Tomcat started on port(s): 9090 (http)
2017-08-07 12:44:35.664  INFO 9620 --- [main] com.rainbow.start.RainbowStart           : Started RainbowStart in 2.53 seconds (JVM running for 2.803)
2017-08-07 12:44:35.664  INFO 9620 --- [main] com.rainbow.start.RainbowStart           : mgw启动成功,耗时：2641 ms
2017-08-07 12:44:45.247  INFO 9620 --- [http-nio-9090-exec-1] o.a.c.c.C.[Tomcat].[localhost].[/]       : Initializing Spring FrameworkServlet 'dispatcherServlet'
2017-08-07 12:44:45.247  INFO 9620 --- [http-nio-9090-exec-1] o.s.web.servlet.DispatcherServlet        : FrameworkServlet 'dispatcherServlet': initialization started
2017-08-07 12:44:45.262  INFO 9620 --- [http-nio-9090-exec-1] o.s.web.servlet.DispatcherServlet        : FrameworkServlet 'dispatcherServlet': initialization completed in 15 ms
2017-08-07 16:25:07.393  INFO 3944 --- [main] com.rainbow.start.RainbowStart           : Starting RainbowStart on fanghuabao with PID 3944 (F:\git20170716\springboot-learn\rainbow\target\classes started by fanghuabao in F:\git20170716\springboot-learn\rainbow)
2017-08-07 16:25:07.396  INFO 3944 --- [main] com.rainbow.start.RainbowStart           : No active profile set, falling back to default profiles: default
2017-08-07 16:25:07.445  INFO 3944 --- [main] ationConfigEmbeddedWebApplicationContext : Refreshing org.springframework.boot.context.embedded.AnnotationConfigEmbeddedWebApplicationContext@eafa5f: startup date [Mon Aug 07 16:25:07 CST 2017]; root of context hierarchy
2017-08-07 16:25:08.902  INFO 3944 --- [main] s.b.c.e.t.TomcatEmbeddedServletContainer : Tomcat initialized with port(s): 9090 (http)
2017-08-07 16:25:08.919  INFO 3944 --- [main] o.apache.catalina.core.StandardService   : Starting service Tomcat
2017-08-07 16:25:08.921  INFO 3944 --- [main] org.apache.catalina.core.StandardEngine  : Starting Servlet Engine: Apache Tomcat/8.0.33
2017-08-07 16:25:09.044  INFO 3944 --- [localhost-startStop-1] o.a.c.c.C.[Tomcat].[localhost].[/]       : Initializing Spring embedded WebApplicationContext
2017-08-07 16:25:09.044  INFO 3944 --- [localhost-startStop-1] o.s.web.context.ContextLoader            : Root WebApplicationContext: initialization completed in 1601 ms
2017-08-07 16:25:09.329  INFO 3944 --- [localhost-startStop-1] o.s.b.c.e.ServletRegistrationBean        : Mapping servlet: 'dispatcherServlet' to [/]
2017-08-07 16:25:09.333  INFO 3944 --- [localhost-startStop-1] o.s.b.c.embedded.FilterRegistrationBean  : Mapping filter: 'characterEncodingFilter' to: [/*]
2017-08-07 16:25:09.333  INFO 3944 --- [localhost-startStop-1] o.s.b.c.embedded.FilterRegistrationBean  : Mapping filter: 'hiddenHttpMethodFilter' to: [/*]
2017-08-07 16:25:09.334  INFO 3944 --- [localhost-startStop-1] o.s.b.c.embedded.FilterRegistrationBean  : Mapping filter: 'httpPutFormContentFilter' to: [/*]
2017-08-07 16:25:09.334  INFO 3944 --- [localhost-startStop-1] o.s.b.c.embedded.FilterRegistrationBean  : Mapping filter: 'requestContextFilter' to: [/*]
2017-08-07 16:25:09.487  INFO 3944 --- [main] s.w.s.m.m.a.RequestMappingHandlerAdapter : Looking for @ControllerAdvice: org.springframework.boot.context.embedded.AnnotationConfigEmbeddedWebApplicationContext@eafa5f: startup date [Mon Aug 07 16:25:07 CST 2017]; root of context hierarchy
2017-08-07 16:25:09.547  INFO 3944 --- [main] s.w.s.m.m.a.RequestMappingHandlerMapping : Mapped "{[/rainbow/machineInfo]}" onto public com.rainbow.entity.MachineInfo com.rainbow.controller.RainbowController.machineInfo()
2017-08-07 16:25:09.548  INFO 3944 --- [main] s.w.s.m.m.a.RequestMappingHandlerMapping : Mapped "{[/rainbow/heartBeat]}" onto public java.lang.String com.rainbow.controller.RainbowController.heartBeat()
2017-08-07 16:25:09.550  INFO 3944 --- [main] s.w.s.m.m.a.RequestMappingHandlerMapping : Mapped "{[/error]}" onto public org.springframework.http.ResponseEntity<java.util.Map<java.lang.String, java.lang.Object>> org.springframework.boot.autoconfigure.web.BasicErrorController.error(javax.servlet.http.HttpServletRequest)
2017-08-07 16:25:09.551  INFO 3944 --- [main] s.w.s.m.m.a.RequestMappingHandlerMapping : Mapped "{[/error],produces=[text/html]}" onto public org.springframework.web.servlet.ModelAndView org.springframework.boot.autoconfigure.web.BasicErrorController.errorHtml(javax.servlet.http.HttpServletRequest,javax.servlet.http.HttpServletResponse)
2017-08-07 16:25:09.577  INFO 3944 --- [main] o.s.w.s.handler.SimpleUrlHandlerMapping  : Mapped URL path [/webjars/**] onto handler of type [class org.springframework.web.servlet.resource.ResourceHttpRequestHandler]
2017-08-07 16:25:09.578  INFO 3944 --- [main] o.s.w.s.handler.SimpleUrlHandlerMapping  : Mapped URL path [/**] onto handler of type [class org.springframework.web.servlet.resource.ResourceHttpRequestHandler]
2017-08-07 16:25:09.620  INFO 3944 --- [main] o.s.w.s.handler.SimpleUrlHandlerMapping  : Mapped URL path [/**/favicon.ico] onto handler of type [class org.springframework.web.servlet.resource.ResourceHttpRequestHandler]
2017-08-07 16:25:09.754  INFO 3944 --- [main] o.s.j.e.a.AnnotationMBeanExporter        : Registering beans for JMX exposure on startup
2017-08-07 16:25:09.828  INFO 3944 --- [main] s.b.c.e.t.TomcatEmbeddedServletContainer : Tomcat started on port(s): 9090 (http)
2017-08-07 16:25:09.832  INFO 3944 --- [main] com.rainbow.start.RainbowStart           : Started RainbowStart in 2.846 seconds (JVM running for 3.153)
2017-08-07 16:25:09.833  INFO 3944 --- [main] com.rainbow.start.RainbowStart           : mgw启动成功,耗时：2979 ms
2017-08-07 16:25:18.343  INFO 3944 --- [http-nio-9090-exec-1] o.a.c.c.C.[Tomcat].[localhost].[/]       : Initializing Spring FrameworkServlet 'dispatcherServlet'
2017-08-07 16:25:18.343  INFO 3944 --- [http-nio-9090-exec-1] o.s.web.servlet.DispatcherServlet        : FrameworkServlet 'dispatcherServlet': initialization started
2017-08-07 16:25:18.364  INFO 3944 --- [http-nio-9090-exec-1] o.s.web.servlet.DispatcherServlet        : FrameworkServlet 'dispatcherServlet': initialization completed in 20 ms
